<?xml version="1.0" encoding="UTF-8"?>
<!-- Generated by org.testng.reporters.JUnitReportReporter -->
<testsuite hostname="HCAH-L-PF19KTHT" failures="0" tests="1" name="Extentreportclasses" time="0.220" errors="0" timestamp="2021-02-10T16:33:42 IST" skipped="0">
  <testcase classname="Extentreportclasses" name="test1" time="0.220"/>
  <system-out/>
</testsuite> <!-- Extentreportclasses -->
