<?xml version="1.0" encoding="UTF-8"?>
<!-- Generated by org.testng.reporters.JUnitReportReporter -->
<testsuite hostname="HCAH-L-PF19KTHT" failures="0" tests="2" name="CustomerApp_Package.TestScripts_Folder.PatientScripts.GetPatient" time="1.272" errors="0" timestamp="2021-02-11T14:19:10 IST" skipped="0">
  <testcase classname="CustomerApp_Package.TestScripts_Folder.PatientScripts.GetPatient" name="GetPatientDetails" time="1.266"/>
  <system-out/>
  <testcase classname="CustomerApp_Package.TestScripts_Folder.PatientScripts.GetPatient" name="checkResposeBody" time="0.006"/>
  <system-out/>
</testsuite> <!-- CustomerApp_Package.TestScripts_Folder.PatientScripts.GetPatient -->
