<?xml version="1.0" encoding="UTF-8"?>
<!-- Generated by org.testng.reporters.JUnitReportReporter -->
<testsuite hostname="HCAH-L-PF19KTHT" failures="0" tests="1" name="CustomerApp_Package.TestScripts_Folder.PatientScripts.SendOTP" time="0.630" errors="0" timestamp="2021-02-09T22:54:44 IST" skipped="0">
  <testcase classname="CustomerApp_Package.TestScripts_Folder.PatientScripts.SendOTP" name="sendOTP" time="0.630"/>
  <system-out/>
</testsuite> <!-- CustomerApp_Package.TestScripts_Folder.PatientScripts.SendOTP -->
